# JRE version: Java(TM) SE Runtime Environment (17.0.12+8) (build 17.0.12+8-LTS-286)
# Java VM: Java HotSpot(TM) 64-Bit Server VM (17.0.12+8-LTS-286, mixed mode, sharing, tiered, compressed oops, compressed class ptrs, g1 gc, windows-amd64)
GC Precious Log:
 CPUs: 8 total, 8 available
 Memory: 16304M
 Large Page Support: Disabled
 NUMA Support: Disabled
 Compressed Oops: Enabled (Zero based)
 Heap Region Size: 4M
 Heap Min Capacity: 8M
 Heap Initial Capacity: 256M
 Heap Max Capacity: 8G
 Pre-touch: Disabled
 Parallel Workers: 8
 Concurrent Workers: 2
 Concurrent Refinement Workers: 8
 Periodic GC: Disabled
Heap:
 garbage-first heap   total 331776K, used 264234K [0x0000000600000000, 0x0000000800000000)
  region size 4096K, 31 young (126976K), 2 survivors (8192K)
 Metaspace       used 144109K, committed 145024K, reserved 1179648K
  class space    used 18434K, committed 18880K, reserved 1048576K
GC Heap History (20 events):
Event: 43.478 GC heap before
{Heap before GC invocations=79 (full 0):
 garbage-first heap   total 331776K, used 279815K [0x0000000600000000, 0x0000000800000000)
  region size 4096K, 38 young (155648K), 1 survivors (4096K)
 Metaspace       used 132587K, committed 133504K, reserved 1179648K
  class space    used 17187K, committed 17600K, reserved 1048576K
}
Event: 43.479 GC heap after
{Heap after GC invocations=80 (full 0):
 garbage-first heap   total 331776K, used 128937K [0x0000000600000000, 0x0000000800000000)
  region size 4096K, 1 young (4096K), 1 survivors (4096K)
 Metaspace       used 132587K, committed 133504K, reserved 1179648K
  class space    used 17187K, committed 17600K, reserved 1048576K
}
Event: 43.776 GC heap before
{Heap before GC invocations=80 (full 0):
 garbage-first heap   total 331776K, used 280489K [0x0000000600000000, 0x0000000800000000)
  region size 4096K, 38 young (155648K), 1 survivors (4096K)
 Metaspace       used 132588K, committed 133504K, reserved 1179648K
  class space    used 17187K, committed 17600K, reserved 1048576K
}
Event: 43.777 GC heap after
{Heap after GC invocations=81 (full 0):
 garbage-first heap   total 331776K, used 128168K [0x0000000600000000, 0x0000000800000000)
  region size 4096K, 1 young (4096K), 1 survivors (4096K)
 Metaspace       used 132588K, committed 133504K, reserved 1179648K
  class space    used 17187K, committed 17600K, reserved 1048576K
}
Event: 43.969 GC heap before
{Heap before GC invocations=81 (full 0):
 garbage-first heap   total 331776K, used 279720K [0x0000000600000000, 0x0000000800000000)
  region size 4096K, 38 young (155648K), 1 survivors (4096K)
 Metaspace       used 132588K, committed 133504K, reserved 1179648K
  class space    used 17187K, committed 17600K, reserved 1048576K
}
Event: 43.970 GC heap after
{Heap after GC invocations=82 (full 0):
 garbage-first heap   total 331776K, used 128219K [0x0000000600000000, 0x0000000800000000)
  region size 4096K, 1 young (4096K), 1 survivors (4096K)
 Metaspace       used 132588K, committed 133504K, reserved 1179648K
  class space    used 17187K, committed 17600K, reserved 1048576K
}
Event: 44.167 GC heap before
{Heap before GC invocations=82 (full 0):
 garbage-first heap   total 331776K, used 283867K [0x0000000600000000, 0x0000000800000000)
  region size 4096K, 39 young (159744K), 1 survivors (4096K)
 Metaspace       used 132588K, committed 133504K, reserved 1179648K
  class space    used 17187K, committed 17600K, reserved 1048576K
}
Event: 44.168 GC heap after
{Heap after GC invocations=83 (full 0):
 garbage-first heap   total 331776K, used 128086K [0x0000000600000000, 0x0000000800000000)
  region size 4096K, 1 young (4096K), 1 survivors (4096K)
 Metaspace       used 132588K, committed 133504K, reserved 1179648K
  class space    used 17187K, committed 17600K, reserved 1048576K
}
Event: 44.455 GC heap before
{Heap before GC invocations=83 (full 0):
 garbage-first heap   total 331776K, used 283734K [0x0000000600000000, 0x0000000800000000)
  region size 4096K, 39 young (159744K), 1 survivors (4096K)
 Metaspace       used 132590K, committed 133504K, reserved 1179648K
  class space    used 17187K, committed 17600K, reserved 1048576K
}
Event: 44.456 GC heap after
{Heap after GC invocations=84 (full 0):
 garbage-first heap   total 331776K, used 128029K [0x0000000600000000, 0x0000000800000000)
  region size 4096K, 1 young (4096K), 1 survivors (4096K)
 Metaspace       used 132590K, committed 133504K, reserved 1179648K
  class space    used 17187K, committed 17600K, reserved 1048576K
}
Event: 45.030 GC heap before
{Heap before GC invocations=84 (full 0):
 garbage-first heap   total 331776K, used 283677K [0x0000000600000000, 0x0000000800000000)
  region size 4096K, 39 young (159744K), 1 survivors (4096K)
 Metaspace       used 132592K, committed 133504K, reserved 1179648K
  class space    used 17187K, committed 17600K, reserved 1048576K
}
Event: 45.031 GC heap after
{Heap after GC invocations=85 (full 0):
 garbage-first heap   total 331776K, used 128413K [0x0000000600000000, 0x0000000800000000)
  region size 4096K, 1 young (4096K), 1 survivors (4096K)
 Metaspace       used 132592K, committed 133504K, reserved 1179648K
  class space    used 17187K, committed 17600K, reserved 1048576K
}
Event: 45.398 GC heap before
{Heap before GC invocations=85 (full 0):
 garbage-first heap   total 331776K, used 284061K [0x0000000600000000, 0x0000000800000000)
  region size 4096K, 39 young (159744K), 1 survivors (4096K)
 Metaspace       used 132592K, committed 133504K, reserved 1179648K
  class space    used 17187K, committed 17600K, reserved 1048576K
}
Event: 45.399 GC heap after
{Heap after GC invocations=86 (full 0):
 garbage-first heap   total 331776K, used 128031K [0x0000000600000000, 0x0000000800000000)
  region size 4096K, 1 young (4096K), 1 survivors (4096K)
 Metaspace       used 132592K, committed 133504K, reserved 1179648K
  class space    used 17187K, committed 17600K, reserved 1048576K
}
Event: 46.029 GC heap before
{Heap before GC invocations=86 (full 0):
 garbage-first heap   total 331776K, used 283679K [0x0000000600000000, 0x0000000800000000)
  region size 4096K, 39 young (159744K), 1 survivors (4096K)
 Metaspace       used 132635K, committed 133504K, reserved 1179648K
  class space    used 17189K, committed 17600K, reserved 1048576K
}
Event: 46.031 GC heap after
{Heap after GC invocations=87 (full 0):
 garbage-first heap   total 331776K, used 128950K [0x0000000600000000, 0x0000000800000000)
  region size 4096K, 1 young (4096K), 1 survivors (4096K)
 Metaspace       used 132635K, committed 133504K, reserved 1179648K
  class space    used 17189K, committed 17600K, reserved 1048576K
}
Event: 47.601 GC heap before
{Heap before GC invocations=87 (full 0):
 garbage-first heap   total 331776K, used 284598K [0x0000000600000000, 0x0000000800000000)
  region size 4096K, 39 young (159744K), 1 survivors (4096K)
 Metaspace       used 133558K, committed 134464K, reserved 1179648K
  class space    used 17239K, committed 17664K, reserved 1048576K
}
Event: 47.611 GC heap after
{Heap after GC invocations=88 (full 0):
 garbage-first heap   total 331776K, used 142086K [0x0000000600000000, 0x0000000800000000)
  region size 4096K, 4 young (16384K), 4 survivors (16384K)
 Metaspace       used 133558K, committed 134464K, reserved 1179648K
  class space    used 17239K, committed 17664K, reserved 1048576K
}
Event: 49.905 GC heap before
{Heap before GC invocations=88 (full 0):
 garbage-first heap   total 331776K, used 269062K [0x0000000600000000, 0x0000000800000000)
  region size 4096K, 36 young (147456K), 4 survivors (16384K)
 Metaspace       used 136732K, committed 137600K, reserved 1179648K
  class space    used 17548K, committed 17984K, reserved 1048576K
}
Event: 49.915 GC heap after
{Heap after GC invocations=89 (full 0):
 garbage-first heap   total 331776K, used 149546K [0x0000000600000000, 0x0000000800000000)
  region size 4096K, 2 young (8192K), 2 survivors (8192K)
 Metaspace       used 136732K, committed 137600K, reserved 1179648K
  class space    used 17548K, committed 17984K, reserved 1048576K
}

