# JRE version: Java(TM) SE Runtime Environment (17.0.12+8) (build 17.0.12+8-LTS-286)
# Java VM: Java HotSpot(TM) 64-Bit Server VM (17.0.12+8-LTS-286, mixed mode, sharing, tiered, compressed oops, compressed class ptrs, g1 gc, windows-amd64)
GC Precious Log:
 CPUs: 8 total, 8 available
 Memory: 16304M
 Large Page Support: Disabled
 NUMA Support: Disabled
 Compressed Oops: Enabled (Zero based)
 Heap Region Size: 4M
 Heap Min Capacity: 8M
 Heap Initial Capacity: 256M
 Heap Max Capacity: 8G
 Pre-touch: Disabled
 Parallel Workers: 8
 Concurrent Workers: 2
 Concurrent Refinement Workers: 8
 Periodic GC: Disabled
Heap:
 garbage-first heap   total 1175552K, used 1001993K [0x0000000600000000, 0x0000000800000000)
  region size 4096K, 172 young (704512K), 5 survivors (20480K)
 Metaspace       used 158637K, committed 159552K, reserved 1245184K
  class space    used 19838K, committed 20288K, reserved 1048576K
GC Heap History (20 events):
Event: 180.417 GC heap after
{Heap after GC invocations=118 (full 0):
 garbage-first heap   total 978944K, used 258675K [0x0000000600000000, 0x0000000800000000)
  region size 4096K, 13 young (53248K), 13 survivors (53248K)
 Metaspace       used 158308K, committed 159232K, reserved 1245184K
  class space    used 19819K, committed 20288K, reserved 1048576K
}
Event: 183.467 GC heap before
{Heap before GC invocations=118 (full 0):
 garbage-first heap   total 978944K, used 787059K [0x0000000600000000, 0x0000000800000000)
  region size 4096K, 143 young (585728K), 13 survivors (53248K)
 Metaspace       used 158322K, committed 159232K, reserved 1245184K
  class space    used 19819K, committed 20288K, reserved 1048576K
}
Event: 183.494 GC heap after
{Heap after GC invocations=119 (full 0):
 garbage-first heap   total 978944K, used 270481K [0x0000000600000000, 0x0000000800000000)
  region size 4096K, 13 young (53248K), 13 survivors (53248K)
 Metaspace       used 158322K, committed 159232K, reserved 1245184K
  class space    used 19819K, committed 20288K, reserved 1048576K
}
Event: 188.222 GC heap before
{Heap before GC invocations=119 (full 0):
 garbage-first heap   total 978944K, used 798865K [0x0000000600000000, 0x0000000800000000)
  region size 4096K, 143 young (585728K), 13 survivors (53248K)
 Metaspace       used 158424K, committed 159360K, reserved 1245184K
  class space    used 19822K, committed 20288K, reserved 1048576K
}
Event: 188.265 GC heap after
{Heap after GC invocations=120 (full 0):
 garbage-first heap   total 978944K, used 301030K [0x0000000600000000, 0x0000000800000000)
  region size 4096K, 17 young (69632K), 17 survivors (69632K)
 Metaspace       used 158424K, committed 159360K, reserved 1245184K
  class space    used 19822K, committed 20288K, reserved 1048576K
}
Event: 189.608 GC heap before
{Heap before GC invocations=120 (full 0):
 garbage-first heap   total 978944K, used 808934K [0x0000000600000000, 0x0000000800000000)
  region size 4096K, 141 young (577536K), 17 survivors (69632K)
 Metaspace       used 158461K, committed 159360K, reserved 1245184K
  class space    used 19822K, committed 20288K, reserved 1048576K
}
Event: 189.647 GC heap after
{Heap after GC invocations=121 (full 0):
 garbage-first heap   total 978944K, used 314094K [0x0000000600000000, 0x0000000800000000)
  region size 4096K, 12 young (49152K), 12 survivors (49152K)
 Metaspace       used 158461K, committed 159360K, reserved 1245184K
  class space    used 19822K, committed 20288K, reserved 1048576K
}
Event: 190.669 GC heap before
{Heap before GC invocations=121 (full 0):
 garbage-first heap   total 978944K, used 821998K [0x0000000600000000, 0x0000000800000000)
  region size 4096K, 136 young (557056K), 12 survivors (49152K)
 Metaspace       used 158465K, committed 159360K, reserved 1245184K
  class space    used 19822K, committed 20288K, reserved 1048576K
}
Event: 190.692 GC heap after
{Heap after GC invocations=122 (full 0):
 garbage-first heap   total 978944K, used 320200K [0x0000000600000000, 0x0000000800000000)
  region size 4096K, 5 young (20480K), 5 survivors (20480K)
 Metaspace       used 158465K, committed 159360K, reserved 1245184K
  class space    used 19822K, committed 20288K, reserved 1048576K
}
Event: 191.521 GC heap before
{Heap before GC invocations=122 (full 0):
 garbage-first heap   total 978944K, used 828104K [0x0000000600000000, 0x0000000800000000)
  region size 4096K, 130 young (532480K), 5 survivors (20480K)
 Metaspace       used 158478K, committed 159424K, reserved 1245184K
  class space    used 19822K, committed 20288K, reserved 1048576K
}
Event: 191.537 GC heap after
{Heap after GC invocations=123 (full 0):
 garbage-first heap   total 978944K, used 322840K [0x0000000600000000, 0x0000000800000000)
  region size 4096K, 6 young (24576K), 6 survivors (24576K)
 Metaspace       used 158478K, committed 159424K, reserved 1245184K
  class space    used 19822K, committed 20288K, reserved 1048576K
}
Event: 192.661 GC heap before
{Heap before GC invocations=123 (full 0):
 garbage-first heap   total 978944K, used 830744K [0x0000000600000000, 0x0000000800000000)
  region size 4096K, 131 young (536576K), 6 survivors (24576K)
 Metaspace       used 158478K, committed 159424K, reserved 1245184K
  class space    used 19822K, committed 20288K, reserved 1048576K
}
Event: 192.672 GC heap after
{Heap after GC invocations=124 (full 0):
 garbage-first heap   total 1175552K, used 325701K [0x0000000600000000, 0x0000000800000000)
  region size 4096K, 7 young (28672K), 7 survivors (28672K)
 Metaspace       used 158478K, committed 159424K, reserved 1245184K
  class space    used 19822K, committed 20288K, reserved 1048576K
}
Event: 193.598 GC heap before
{Heap before GC invocations=124 (full 0):
 garbage-first heap   total 1175552K, used 997445K [0x0000000600000000, 0x0000000800000000)
  region size 4096K, 172 young (704512K), 7 survivors (28672K)
 Metaspace       used 158484K, committed 159424K, reserved 1245184K
  class space    used 19822K, committed 20288K, reserved 1048576K
}
Event: 193.609 GC heap after
{Heap after GC invocations=125 (full 0):
 garbage-first heap   total 1175552K, used 322597K [0x0000000600000000, 0x0000000800000000)
  region size 4096K, 6 young (24576K), 6 survivors (24576K)
 Metaspace       used 158484K, committed 159424K, reserved 1245184K
  class space    used 19822K, committed 20288K, reserved 1048576K
}
Event: 194.450 GC heap before
{Heap before GC invocations=125 (full 0):
 garbage-first heap   total 1175552K, used 1002533K [0x0000000600000000, 0x0000000800000000)
  region size 4096K, 172 young (704512K), 6 survivors (24576K)
 Metaspace       used 158487K, committed 159424K, reserved 1245184K
  class space    used 19822K, committed 20288K, reserved 1048576K
}
Event: 194.462 GC heap after
{Heap after GC invocations=126 (full 0):
 garbage-first heap   total 1175552K, used 324296K [0x0000000600000000, 0x0000000800000000)
  region size 4096K, 6 young (24576K), 6 survivors (24576K)
 Metaspace       used 158487K, committed 159424K, reserved 1245184K
  class space    used 19822K, committed 20288K, reserved 1048576K
}
Event: 195.349 GC heap before
{Heap before GC invocations=126 (full 0):
 garbage-first heap   total 1175552K, used 1000136K [0x0000000600000000, 0x0000000800000000)
  region size 4096K, 172 young (704512K), 6 survivors (24576K)
 Metaspace       used 158492K, committed 159424K, reserved 1245184K
  class space    used 19822K, committed 20288K, reserved 1048576K
}
Event: 195.359 GC heap after
{Heap after GC invocations=127 (full 0):
 garbage-first heap   total 1175552K, used 317961K [0x0000000600000000, 0x0000000800000000)
  region size 4096K, 5 young (20480K), 5 survivors (20480K)
 Metaspace       used 158492K, committed 159424K, reserved 1245184K
  class space    used 19822K, committed 20288K, reserved 1048576K
}
Event: 197.257 GC heap before
{Heap before GC invocations=127 (full 0):
 garbage-first heap   total 1175552K, used 1001993K [0x0000000600000000, 0x0000000800000000)
  region size 4096K, 172 young (704512K), 5 survivors (20480K)
 Metaspace       used 158637K, committed 159552K, reserved 1245184K
  class space    used 19838K, committed 20288K, reserved 1048576K
}

